\BOOKMARK [0][-]{chapter.1}{Introduction to QFT}{}% 1
\BOOKMARK [1][-]{section.1.1}{Classical and Klein-Gordon Field}{chapter.1}% 2
\BOOKMARK [2][-]{subsection.1.1.1}{Several Well-Known Results}{section.1.1}% 3
\BOOKMARK [2][-]{subsection.1.1.2}{Noether's Theorem}{section.1.1}% 4
\BOOKMARK [1][-]{section.1.2}{Canonical Quantization}{chapter.1}% 5
\BOOKMARK [0][-]{chapter.2}{Relativistic Quantum Mechanics}{}% 6
\BOOKMARK [1][-]{section.2.1}{Lorentz Invariance}{chapter.2}% 7
\BOOKMARK [1][-]{section.2.2}{Lorentz Transformation}{chapter.2}% 8
\BOOKMARK [1][-]{section.2.3}{Poincar Algebra}{chapter.2}% 9
\BOOKMARK [1][-]{section.2.4}{One-Particle State}{chapter.2}% 10
\BOOKMARK [2][-]{subsection.2.4.1}{M>0 Particle}{section.2.4}% 11
\BOOKMARK [0][-]{chapter.3}{General Scatter Theory}{}% 12
\BOOKMARK [1][-]{section.3.1}{In and Out State}{chapter.3}% 13
\BOOKMARK [1][-]{section.3.2}{S-Matrix}{chapter.3}% 14
\BOOKMARK [1][-]{section.3.3}{Symmetry of S-Matrix}{chapter.3}% 15
\BOOKMARK [2][-]{subsection.3.3.1}{Lorentz Invariance}{section.3.3}% 16
\BOOKMARK [2][-]{subsection.3.3.2}{Inner Symmetry}{section.3.3}% 17
\BOOKMARK [1][-]{section.3.4}{Decay Rates and Cross-Sections}{chapter.3}% 18
\BOOKMARK [1][-]{section.3.5}{Perturbation Theory}{chapter.3}% 19
\BOOKMARK [1][-]{section.3.6}{Implication of Unitary}{chapter.3}% 20
\BOOKMARK [0][-]{chapter.4}{The Cluster Decomposition Principle}{}% 21
\BOOKMARK [1][-]{section.4.1}{Bosons and Fermions}{chapter.4}% 22
\BOOKMARK [1][-]{section.4.2}{Creation and Annihilation Operator}{chapter.4}% 23
\BOOKMARK [1][-]{section.4.3}{Cluster Decomposition Principle}{chapter.4}% 24
\BOOKMARK [1][-]{section.4.4}{The Structure of Interaction}{chapter.4}% 25
\BOOKMARK [0][-]{chapter.5}{Quantum Field and Antiparticle}{}% 26
\BOOKMARK [1][-]{section.5.1}{Free Fields}{chapter.5}% 27
\BOOKMARK [1][-]{section.5.2}{Causal Scalar Fields}{chapter.5}% 28
\BOOKMARK [1][-]{section.5.3}{Causal Vector Fields}{chapter.5}% 29
\BOOKMARK [1][-]{section.5.4}{The Dirac Formalism}{chapter.5}% 30
\BOOKMARK [1][-]{section.5.5}{Causal Dirac Fields}{chapter.5}% 31
\BOOKMARK [1][-]{section.5.6}{CPT Theorem}{chapter.5}% 32
\BOOKMARK [1][-]{section.5.7}{Massless Particles Fields}{chapter.5}% 33
\BOOKMARK [0][-]{chapter.6}{Interaction Fields and Feynmann Diagrams}{}% 34
\BOOKMARK [1][-]{section.6.1}{Overview}{chapter.6}% 35
\BOOKMARK [1][-]{section.6.2}{Perturbation Expansion of Correlation Function}{chapter.6}% 36
\BOOKMARK [2][-]{subsection.6.2.1}{Interaction Picture}{section.6.2}% 37
\BOOKMARK [2][-]{subsection.6.2.2}{Express two-points Green Function into |0"526930B }{section.6.2}% 38
\BOOKMARK [1][-]{section.6.3}{Wick's Theorem: Bose Cases}{chapter.6}% 39
\BOOKMARK [1][-]{section.6.4}{Feynmann Diagrams and S Matrix}{chapter.6}% 40
